2017-11-28 06:41:58 Info:  App\Lib\Api::call : START API: http://api.maishop.localhost/products/all{"type":"1"}
2017-11-28 06:41:59 Info:  App\Lib\Api::call : START API: http://api.maishop.localhost/customers/all{"type":"1"}
2017-11-28 06:43:04 Info:  App\Lib\Api::call : START API: http://api.maishop.localhost/products/all{"type":"1"}
2017-11-28 06:43:06 Info:  App\Lib\Api::call : START API: http://api.maishop.localhost/customers/all{"type":"1"}
2017-11-28 06:43:22 Info:  App\Lib\Api::call : START API: http://api.maishop.localhost/products/all{"type":"1"}
2017-11-28 06:43:23 Info:  App\Lib\Api::call : START API: http://api.maishop.localhost/customers/all{"type":"1"}
2017-11-28 06:46:49 Info:  App\Lib\Api::call : START API: http://api.maishop.localhost/products/all{"type":"1"}
2017-11-28 06:46:50 Info:  App\Lib\Api::call : START API: http://api.maishop.localhost/customers/all{"type":"1"}
2017-11-28 06:57:42 Info:  App\Lib\Api::call : START API: http://api.maishop.localhost/orders/detail{"id":"10"}
2017-11-28 06:57:43 Info:  App\Lib\Api::call : START API: http://api.maishop.localhost/products/all{"type":"1"}
2017-11-28 06:57:44 Info:  App\Lib\Api::call : START API: http://api.maishop.localhost/customers/all{"type":"1"}
2017-11-28 07:00:28 Info:  App\Lib\Api::call : START API: http://api.maishop.localhost/orders/detail{"id":"10"}
2017-11-28 07:07:25 Info:  App\Lib\Api::call : START API: http://api.maishop.localhost/orders/detail{"id":"10"}
2017-11-28 07:07:27 Info:  App\Lib\Api::call : START API: http://api.maishop.localhost/products/all{"type":"1"}
2017-11-28 07:07:28 Info:  App\Lib\Api::call : START API: http://api.maishop.localhost/customers/all{"type":"1"}
2017-11-28 07:09:08 Info:  App\Lib\Api::call : START API: http://api.maishop.localhost/orders/detail{"id":"10"}
2017-11-28 07:13:41 Info:  App\Lib\Api::call : START API: http://api.maishop.localhost/orders/detail{"id":"10"}
2017-11-28 07:13:42 Info:  App\Lib\Api::call : START API: http://api.maishop.localhost/products/all{"type":"1"}
2017-11-28 07:13:43 Info:  App\Lib\Api::call : START API: http://api.maishop.localhost/customers/all{"type":"1"}
2017-11-28 07:18:03 Info:  App\Lib\Api::call : START API: http://api.maishop.localhost/orders/detail{"id":"10"}
2017-11-28 07:18:04 Info:  App\Lib\Api::call : START API: http://api.maishop.localhost/products/all{"type":"1"}
2017-11-28 07:18:05 Info:  App\Lib\Api::call : START API: http://api.maishop.localhost/customers/all{"type":"1"}
2017-11-28 07:19:30 Info:  App\Lib\Api::call : START API: http://api.maishop.localhost/orders/detail{"id":"10"}
2017-11-28 07:19:31 Info:  App\Lib\Api::call : START API: http://api.maishop.localhost/products/all{"type":"1"}
2017-11-28 07:19:32 Info:  App\Lib\Api::call : START API: http://api.maishop.localhost/customers/all{"type":"1"}
2017-11-28 07:23:20 Info:  App\Lib\Api::call : START API: http://api.maishop.localhost/orders/detail{"id":"10"}
2017-11-28 07:23:21 Info:  App\Lib\Api::call : START API: http://api.maishop.localhost/products/all{"type":"1"}
2017-11-28 07:23:22 Info:  App\Lib\Api::call : START API: http://api.maishop.localhost/customers/all{"type":"1"}
2017-11-28 07:24:22 Info:  App\Lib\Api::call : START API: http://api.maishop.localhost/orders/detail{"id":"10"}
2017-11-28 07:24:23 Info:  App\Lib\Api::call : START API: http://api.maishop.localhost/products/all{"type":"1"}
2017-11-28 07:24:25 Info:  App\Lib\Api::call : START API: http://api.maishop.localhost/customers/all{"type":"1"}
2017-11-28 07:24:37 Info:  App\Lib\Api::call : START API: http://api.maishop.localhost/orders/detail{"id":"10"}
2017-11-28 07:24:38 Info:  App\Lib\Api::call : START API: http://api.maishop.localhost/products/all{"type":"1"}
2017-11-28 07:24:39 Info:  App\Lib\Api::call : START API: http://api.maishop.localhost/customers/all{"type":"1"}
2017-11-28 07:24:53 Info:  App\Lib\Api::call : START API: http://api.maishop.localhost/orders/detail{"id":"11"}
2017-11-28 07:24:54 Info:  App\Lib\Api::call : START API: http://api.maishop.localhost/products/all{"type":"1"}
2017-11-28 07:24:55 Info:  App\Lib\Api::call : START API: http://api.maishop.localhost/customers/all{"type":"1"}
2017-11-28 07:29:15 Info:  App\Lib\Api::call : START API: http://api.maishop.localhost/orders/detail{"id":"11"}
2017-11-28 07:29:16 Info:  App\Lib\Api::call : START API: http://api.maishop.localhost/products/all{"type":"1"}
2017-11-28 07:29:17 Info:  App\Lib\Api::call : START API: http://api.maishop.localhost/customers/all{"type":"1"}
2017-11-28 07:30:29 Info:  App\Lib\Api::call : START API: http://api.maishop.localhost/orders/detail{"id":"11"}
2017-11-28 07:30:30 Info:  App\Lib\Api::call : START API: http://api.maishop.localhost/products/all{"type":"1"}
2017-11-28 07:30:31 Info:  App\Lib\Api::call : START API: http://api.maishop.localhost/customers/all{"type":"1"}
2017-11-28 07:47:38 Info:  App\Lib\Api::call : START API: http://api.maishop.localhost/orders/detail{"id":"11"}
2017-11-28 07:47:39 Info:  App\Lib\Api::call : START API: http://api.maishop.localhost/products/all{"type":"1"}
2017-11-28 07:47:40 Info:  App\Lib\Api::call : START API: http://api.maishop.localhost/customers/all{"type":"1"}
2017-11-28 07:48:05 Info:  App\Lib\Api::call : START API: http://api.maishop.localhost/orders/detail{"id":"11"}
2017-11-28 07:48:07 Info:  App\Lib\Api::call : START API: http://api.maishop.localhost/products/all{"type":"1"}
2017-11-28 07:48:08 Info:  App\Lib\Api::call : START API: http://api.maishop.localhost/customers/all{"type":"1"}
2017-11-28 07:48:36 Info:  App\Lib\Api::call : START API: http://api.maishop.localhost/orders/detail{"id":"11"}
2017-11-28 07:48:37 Info:  App\Lib\Api::call : START API: http://api.maishop.localhost/products/all{"type":"1"}
2017-11-28 07:48:38 Info:  App\Lib\Api::call : START API: http://api.maishop.localhost/customers/all{"type":"1"}
2017-11-28 07:49:04 Info:  App\Lib\Api::call : START API: http://api.maishop.localhost/orders/detail{"id":"11"}
2017-11-28 07:49:06 Info:  App\Lib\Api::call : START API: http://api.maishop.localhost/products/all{"type":"1"}
2017-11-28 07:49:07 Info:  App\Lib\Api::call : START API: http://api.maishop.localhost/customers/all{"type":"1"}
2017-11-28 07:49:40 Info:  App\Lib\Api::call : START API: http://api.maishop.localhost/orders/detail{"id":"11"}
2017-11-28 07:49:41 Info:  App\Lib\Api::call : START API: http://api.maishop.localhost/products/all{"type":"1"}
2017-11-28 07:49:43 Info:  App\Lib\Api::call : START API: http://api.maishop.localhost/customers/all{"type":"1"}
2017-11-28 08:17:14 Info:  App\Lib\Api::call : START API: http://api.maishop.localhost/orders/addupdate{"product_data":"[{\"id\":\"5\",\"price\":\"213\",\"qty\":\"6\"},{\"id\":\"1\",\"price\":\"123456\",\"qty\":\"6\"}]","customer_id":"5","sub_name":"\u00e1da","sub_tel":"2132","sub_address":"ads","payment_method":"","ext_cost":"0","ship_cost":"0","total":"742014","pay_total":"100000","pay_debt":"642014","note":""}
2017-11-28 08:17:16 Info:  App\Lib\Api::call : START API: http://api.maishop.localhost/orders/detail{"id":"13"}
2017-11-28 08:18:07 Info:  App\Lib\Api::call : START API: http://api.maishop.localhost/orders/detail{"id":"13"}
2017-11-28 08:18:11 Info:  App\Lib\Api::call : START API: http://api.maishop.localhost/orders/detail{"id":"13"}
2017-11-28 08:18:12 Info:  App\Lib\Api::call : START API: http://api.maishop.localhost/products/all{"type":"1"}
2017-11-28 08:18:14 Info:  App\Lib\Api::call : START API: http://api.maishop.localhost/customers/all{"type":"1"}
2017-11-28 08:18:20 Info:  App\Lib\Api::call : START API: http://api.maishop.localhost/orders/addupdate{"product_data":"[{\"id\":\"5\",\"price\":\"213\",\"qty\":\"6\"},{\"id\":\"1\",\"price\":\"123456\",\"qty\":\"6\"}]","customer_id":"5","sub_name":"\u00e1da","sub_tel":"2132","sub_address":"ads","payment_method":"","ext_cost":"0","ship_cost":"0","total":"742014","pay_total":"100000","pay_debt":"642014","note":"","id":"13"}
2017-11-28 08:18:22 Info:  App\Lib\Api::call : START API: http://api.maishop.localhost/orders/detail{"id":"13"}
2017-11-28 08:19:43 Info:  App\Lib\Api::call : START API: http://api.maishop.localhost/orders/detail{"id":"13"}
2017-11-28 08:31:15 Info:  App\Lib\Api::call : START API: http://api.maishop.localhost/orders/detail{"id":"13"}
2017-11-28 08:31:23 Info:  App\Lib\Api::call : START API: http://api.maishop.localhost/orders/detail{"id":"13"}
2017-11-28 08:31:24 Info:  App\Lib\Api::call : START API: http://api.maishop.localhost/products/all{"type":"1"}
2017-11-28 08:31:26 Info:  App\Lib\Api::call : START API: http://api.maishop.localhost/customers/all{"type":"1"}
2017-11-28 08:31:34 Info:  App\Lib\Api::call : START API: http://api.maishop.localhost/orders/addupdate{"product_data":"[{\"id\":\"5\",\"price\":\"213\",\"qty\":\"6\"},{\"id\":\"1\",\"price\":\"123456\",\"qty\":\"6\"}]","customer_id":"5","sub_name":"\u00e1da","sub_tel":"2132","sub_address":"ads","payment_method":"","ext_cost":"0","ship_cost":"0","total":"742014","pay_total":"100000","pay_debt":"642014","note":"","id":"13"}
2017-11-28 08:31:35 Info:  App\Lib\Api::call : START API: http://api.maishop.localhost/orders/detail{"id":"13"}
2017-11-28 08:31:57 Info:  App\Lib\Api::call : START API: http://api.maishop.localhost/orders/detail{"id":"13"}
2017-11-28 08:32:15 Info:  App\Lib\Api::call : START API: http://api.maishop.localhost/orders/detail{"id":"13"}
2017-11-28 08:32:38 Info:  App\Lib\Api::call : START API: http://api.maishop.localhost/orders/detail{"id":"13"}
2017-11-28 08:32:59 Info:  App\Lib\Api::call : START API: http://api.maishop.localhost/orders/detail{"id":"13"}
2017-11-28 08:33:47 Info:  App\Lib\Api::call : START API: http://api.maishop.localhost/orders/detail{"id":"13"}
2017-11-28 08:33:53 Info:  App\Lib\Api::call : START API: http://api.maishop.localhost/orders/detail{"id":"13"}
2017-11-28 08:33:54 Info:  App\Lib\Api::call : START API: http://api.maishop.localhost/products/all{"type":"1"}
2017-11-28 08:33:55 Info:  App\Lib\Api::call : START API: http://api.maishop.localhost/customers/all{"type":"1"}
2017-11-28 08:35:51 Info:  App\Lib\Api::call : START API: http://api.maishop.localhost/orders/detail{"id":"13"}
2017-11-28 08:35:52 Info:  App\Lib\Api::call : START API: http://api.maishop.localhost/products/all{"type":"1"}
2017-11-28 08:35:53 Info:  App\Lib\Api::call : START API: http://api.maishop.localhost/customers/all{"type":"1"}
2017-11-28 08:36:02 Info:  App\Lib\Api::call : START API: http://api.maishop.localhost/orders/detail{"id":"13"}
2017-11-28 08:36:03 Info:  App\Lib\Api::call : START API: http://api.maishop.localhost/products/all{"type":"1"}
2017-11-28 08:36:04 Info:  App\Lib\Api::call : START API: http://api.maishop.localhost/customers/all{"type":"1"}
2017-11-28 08:38:59 Info:  App\Lib\Api::call : START API: http://api.maishop.localhost/orders/detail{"id":"13"}
2017-11-28 08:39:00 Info:  App\Lib\Api::call : START API: http://api.maishop.localhost/products/all{"type":"1"}
2017-11-28 08:39:01 Info:  App\Lib\Api::call : START API: http://api.maishop.localhost/customers/all{"type":"1"}
2017-11-28 08:39:08 Info:  App\Lib\Api::call : START API: http://api.maishop.localhost/orders/list{"limit":10,"disable":0}
2017-11-28 08:39:14 Info:  App\Lib\Api::call : START API: http://api.maishop.localhost/orders/detail{"id":"13"}
2017-11-28 08:41:05 Info:  App\Lib\Api::call : START API: http://api.maishop.localhost/orders/detail{"id":"13"}
2017-11-28 09:21:17 Info:  App\Lib\Api::call : START API: http://api.maishop.localhost/orders/list{"limit":10,"disable":0}
2017-11-28 09:21:27 Info:  App\Lib\Api::call : START API: http://api.maishop.localhost/products/list{"limit":10,"disable":0}
2017-11-28 09:21:34 Info:  App\Lib\Api::call : START API: http://api.maishop.localhost/suppliers/list{"limit":10,"disable":0}
2017-11-28 09:21:42 Info:  App\Lib\Api::call : START API: http://api.maishop.localhost/customers/list{"limit":10,"disable":0}
2017-11-28 09:37:18 Info: App\Lib\Api::call : START API: http://api.maishop.localhost/reports/general
2017-11-28 09:48:22 Info:  App\Lib\Api::call : START API: http://api.maishop.localhost/orders/list{"limit":10,"disable":0}
2017-11-28 09:48:42 Info:  App\Lib\Api::call : START API: http://api.maishop.localhost/products/list{"limit":10,"disable":0}
2017-11-28 09:51:35 Info:  App\Lib\Api::call : START API: http://api.maishop.localhost/products/list{"limit":10,"disable":0}
2017-11-28 09:51:38 Info: App\Lib\Api::call : START API: http://api.maishop.localhost/reports/general
2017-11-28 09:51:45 Info:  App\Lib\Api::call : START API: http://api.maishop.localhost/suppliers/list{"limit":10,"disable":0}
2017-11-28 09:51:49 Info:  App\Lib\Api::call : START API: http://api.maishop.localhost/customers/list{"limit":10,"disable":0}
2017-11-29 01:27:14 Info: App\Lib\Api::call : START API: http://api.maishop.localhost/reports/general
2017-11-29 02:45:16 Info:  App\Lib\Api::call : START API: http://api.maishop.localhost/products/list{"limit":10,"disable":0}
2017-11-29 02:45:28 Info:  App\Lib\Api::call : START API: http://api.maishop.localhost/products/detail{"id":"5"}
2017-11-29 02:45:29 Info: App\Lib\Api::call : START API: http://api.maishop.localhost/suppliers/all
2017-11-29 03:47:20 Info:  App\Lib\Api::call : START API: http://api.maishop.localhost/products/list{"limit":10,"disable":0}
2017-11-29 03:47:49 Info:  App\Lib\Api::call : START API: http://api.maishop.localhost/products/list{"limit":10,"disable":0}
2017-11-29 03:48:38 Info:  App\Lib\Api::call : START API: http://api.maishop.localhost/products/list{"limit":10,"disable":0}
2017-11-29 03:50:00 Info:  App\Lib\Api::call : START API: http://api.maishop.localhost/products/list{"limit":10,"disable":0}
2017-11-29 03:52:36 Info:  App\Lib\Api::call : START API: http://api.maishop.localhost/products/list{"limit":10,"disable":0}
2017-11-29 04:34:44 Info:  App\Lib\Api::call : START API: http://api.maishop.localhost/products/list{"limit":10,"disable":0}
2017-11-29 04:34:46 Info:  App\Lib\Api::call : SERVER INFO{"REDIRECT_REDIRECT_MIBDIRS":"C:\/xampp\/php\/extras\/mibs","REDIRECT_REDIRECT_MYSQL_HOME":"\\xampp\\mysql\\bin","REDIRECT_REDIRECT_OPENSSL_CONF":"C:\/xampp\/apache\/bin\/openssl.cnf","REDIRECT_REDIRECT_PHP_PEAR_SYSCONF_DIR":"\\xampp\\php","REDIRECT_REDIRECT_PHPRC":"\\xampp\\php","REDIRECT_REDIRECT_TMP":"\\xampp\\tmp","REDIRECT_REDIRECT_STATUS":"200","REDIRECT_MIBDIRS":"C:\/xampp\/php\/extras\/mibs","REDIRECT_MYSQL_HOME":"\\xampp\\mysql\\bin","REDIRECT_OPENSSL_CONF":"C:\/xampp\/apache\/bin\/openssl.cnf","REDIRECT_PHP_PEAR_SYSCONF_DIR":"\\xampp\\php","REDIRECT_PHPRC":"\\xampp\\php","REDIRECT_TMP":"\\xampp\\tmp","REDIRECT_STATUS":"200","MIBDIRS":"C:\/xampp\/php\/extras\/mibs","MYSQL_HOME":"\\xampp\\mysql\\bin","OPENSSL_CONF":"C:\/xampp\/apache\/bin\/openssl.cnf","PHP_PEAR_SYSCONF_DIR":"\\xampp\\php","PHPRC":"\\xampp\\php","TMP":"\\xampp\\tmp","HTTP_HOST":"admin.maishop.localhost","HTTP_CONNECTION":"keep-alive","HTTP_CACHE_CONTROL":"max-age=0","HTTP_UPGRADE_INSECURE_REQUESTS":"1","HTTP_USER_AGENT":"Mozilla\/5.0 (Windows NT 10.0; Win64; x64) AppleWebKit\/537.36 (KHTML, like Gecko) Chrome\/62.0.3202.94 Safari\/537.36","HTTP_ACCEPT":"text\/html,application\/xhtml+xml,application\/xml;q=0.9,image\/webp,image\/apng,*\/*;q=0.8","HTTP_REFERER":"http:\/\/admin.maishop.localhost\/products\/update\/5","HTTP_ACCEPT_ENCODING":"gzip, deflate, br","HTTP_ACCEPT_LANGUAGE":"vi-VN,vi;q=0.9,fr-FR;q=0.8,fr;q=0.7,en-US;q=0.6,en;q=0.5","HTTP_COOKIE":"VNShopCookie=acq7mguad14e2supqt0m4al1k3","PATH":"C:\\Program Files (x86)\\ImageMagick-7.0.7-Q16;;C:\\WINDOWS\\system32;C:\\WINDOWS;C:\\WINDOWS\\System32\\Wbem;C:\\WINDOWS\\System32\\WindowsPowerShell\\v1.0\\;C:\\xampp\\php\\;C:\\Program Files (x86)\\Skype\\Phone\\;C:\\sqlite\\;C:\\Program Files\\nodejs\\;C:\\Users\\anhmh\\AppData\\Local\\Microsoft\\WindowsApps;C:\\Users\\anhmh\\AppData\\Roaming\\npm;","SystemRoot":"C:\\WINDOWS","COMSPEC":"C:\\WINDOWS\\system32\\cmd.exe","PATHEXT":".COM;.EXE;.BAT;.CMD;.VBS;.VBE;.JS;.JSE;.WSF;.WSH;.MSC","WINDIR":"C:\\WINDOWS","SERVER_SIGNATURE":"<address>Apache\/2.4.17 (Win32) OpenSSL\/1.0.2d PHP\/5.6.19 Server at admin.maishop.localhost Port 80<\/address>\n","SERVER_SOFTWARE":"Apache\/2.4.17 (Win32) OpenSSL\/1.0.2d PHP\/5.6.19","SERVER_NAME":"admin.maishop.localhost","SERVER_ADDR":"127.0.0.1","SERVER_PORT":"80","REMOTE_ADDR":"127.0.0.1","DOCUMENT_ROOT":"C:\/xampp\/htdocs\/hosty\/admin","REQUEST_SCHEME":"http","CONTEXT_PREFIX":"","CONTEXT_DOCUMENT_ROOT":"C:\/xampp\/htdocs\/hosty\/admin","SERVER_ADMIN":"postmaster@localhost","SCRIPT_FILENAME":"C:\/xampp\/htdocs\/hosty\/admin\/webroot\/index.php","REMOTE_PORT":"57063","REDIRECT_URL":"http:\/\/admin.maishop.localhost\/webroot\/products","GATEWAY_INTERFACE":"CGI\/1.1","SERVER_PROTOCOL":"HTTP\/1.1","REQUEST_METHOD":"GET","QUERY_STRING":"","REQUEST_URI":"\/products","SCRIPT_NAME":"\/webroot\/index.php","PHP_SELF":"\/webroot\/index.php","REQUEST_TIME_FLOAT":1511930084.368,"REQUEST_TIME":1511930084}
2017-11-29 04:34:46 Info:  App\Lib\Api::call : END API: http://api.maishop.localhost/products/list{"status":500,"error":["SQLSTATE[42S21]: Column already exists: 1060 Duplicate column name 'sell_qty' with query: \"SELECT COUNT(*) AS `total_rows` FROM (SELECT `products`.*, `order_products`.`sell_qty` FROM `products` LEFT JOIN \r\n                (\r\n                    SELECT \r\n                        product_id,\r\n                        SUM(qty) as sell_qty\r\n                    FROM\r\n                        order_products\r\n                    WHERE\r\n                        disable = 0\r\n                    GROUP BY\r\n                        product_id\r\n                ) AS order_products\r\n             ON (`products`.`id` = `order_products`.`product_id`) WHERE `products`.`admin_id` = '1' AND `products`.`disable` = 0) AS `counted_results`\""]}
2017-11-29 04:36:52 Info:  App\Lib\Api::call : START API: http://api.maishop.localhost/products/list{"limit":10,"disable":0}
2017-11-29 04:40:59 Info:  App\Lib\Api::call : START API: http://api.maishop.localhost/products/detail{"id":"5"}
2017-11-29 04:41:00 Info: App\Lib\Api::call : START API: http://api.maishop.localhost/suppliers/all
2017-11-29 05:46:25 Info:  App\Lib\Api::call : START API: http://api.maishop.localhost/products/list{"limit":10,"disable":0}
2017-11-29 06:12:33 Info:  App\Lib\Api::call : START API: http://api.maishop.localhost/orders/list{"limit":10,"disable":0}
2017-11-29 06:19:06 Info:  App\Lib\Api::call : START API: http://api.maishop.localhost/orders/list{"limit":10,"disable":0}
2017-11-29 06:22:04 Info:  App\Lib\Api::call : START API: http://api.maishop.localhost/orders/list{"limit":10,"disable":0}
2017-11-29 06:22:10 Info:  App\Lib\Api::call : START API: http://api.maishop.localhost/products/all{"type":"1"}
2017-11-29 06:22:12 Info:  App\Lib\Api::call : START API: http://api.maishop.localhost/customers/all{"type":"1"}
2017-11-29 06:22:16 Info:  App\Lib\Api::call : START API: http://api.maishop.localhost/orders/list{"limit":10,"disable":0}
2017-11-29 06:24:18 Info:  App\Lib\Api::call : START API: http://api.maishop.localhost/orders/list{"limit":10,"disable":0}
2017-11-29 06:24:27 Info:  App\Lib\Api::call : START API: http://api.maishop.localhost/products/all{"type":"1"}
2017-11-29 06:24:28 Info:  App\Lib\Api::call : START API: http://api.maishop.localhost/customers/all{"type":"1"}
2017-11-29 06:33:18 Info:  App\Lib\Api::call : START API: http://api.maishop.localhost/orders/detail{"id":"10"}
2017-11-29 06:33:19 Info: App\Lib\Api::call : START API: http://api.maishop.localhost/products/all
2017-11-29 06:33:21 Info: App\Lib\Api::call : START API: http://api.maishop.localhost/customers/all
2017-11-29 06:44:00 Info:  App\Lib\Api::call : START API: http://api.maishop.localhost/customers/all{"type2":""}
2017-11-29 06:44:01 Info:  App\Lib\Api::call : START API: http://api.maishop.localhost/products/all{"type2":""}
2017-11-29 06:44:05 Info:  App\Lib\Api::call : START API: http://api.maishop.localhost/suppliers/all{"type":"2"}
2017-11-29 06:44:07 Info:  App\Lib\Api::call : START API: http://api.maishop.localhost/products/all{"type":"2"}
2017-11-29 06:47:37 Info:  App\Lib\Api::call : START API: http://api.maishop.localhost/suppliers/all{"type":"2"}
2017-11-29 06:47:38 Info:  App\Lib\Api::call : START API: http://api.maishop.localhost/products/all{"type":"2"}
2017-11-29 06:48:08 Info:  App\Lib\Api::call : START API: http://api.maishop.localhost/suppliers/all{"type":"2"}
2017-11-29 06:48:10 Info:  App\Lib\Api::call : START API: http://api.maishop.localhost/products/all{"type":"2"}
2017-11-29 06:50:36 Info:  App\Lib\Api::call : START API: http://api.maishop.localhost/suppliers/all{"type":"2"}
2017-11-29 06:50:37 Info:  App\Lib\Api::call : START API: http://api.maishop.localhost/products/all{"type":"2"}
2017-11-29 06:50:44 Info:  App\Lib\Api::call : START API: http://api.maishop.localhost/customers/all{"type":"1"}
2017-11-29 06:50:46 Info:  App\Lib\Api::call : START API: http://api.maishop.localhost/products/all{"type":"1"}
2017-11-29 06:54:01 Info:  App\Lib\Api::call : START API: http://api.maishop.localhost/orders/detail{"id":"10"}
2017-11-29 06:54:02 Info:  App\Lib\Api::call : START API: http://api.maishop.localhost/customers/all{"type":"1"}
2017-11-29 06:54:03 Info:  App\Lib\Api::call : START API: http://api.maishop.localhost/products/all{"type":"1"}
2017-11-29 06:54:09 Info:  App\Lib\Api::call : START API: http://api.maishop.localhost/orders/detail{"id":"10"}
2017-11-29 06:54:10 Info:  App\Lib\Api::call : START API: http://api.maishop.localhost/customers/all{"type":"2"}
2017-11-29 06:54:12 Info:  App\Lib\Api::call : START API: http://api.maishop.localhost/products/all{"type":"2"}
2017-11-29 06:57:23 Info:  App\Lib\Api::call : START API: http://api.maishop.localhost/orders/detail{"id":"10"}
2017-11-29 06:57:24 Info:  App\Lib\Api::call : START API: http://api.maishop.localhost/customers/all{"type":"2"}
2017-11-29 06:57:25 Info:  App\Lib\Api::call : START API: http://api.maishop.localhost/products/all{"type":"2"}
2017-11-29 07:06:05 Info:  App\Lib\Api::call : START API: http://api.maishop.localhost/orders/detail{"id":"10"}
2017-11-29 07:06:06 Info:  App\Lib\Api::call : START API: http://api.maishop.localhost/customers/all{"type":"2"}
2017-11-29 07:06:07 Info:  App\Lib\Api::call : START API: http://api.maishop.localhost/products/all{"type":"2"}
2017-11-29 07:10:04 Info:  App\Lib\Api::call : START API: http://api.maishop.localhost/products/list{"limit":10,"disable":0}
2017-11-29 07:10:16 Info:  App\Lib\Api::call : START API: http://api.maishop.localhost/products/detail{"id":"1"}
2017-11-29 07:10:17 Info: App\Lib\Api::call : START API: http://api.maishop.localhost/suppliers/all
2017-11-29 07:10:25 Info:  App\Lib\Api::call : START API: http://api.maishop.localhost/products/detail{"id":"1"}
2017-11-29 07:10:27 Info: App\Lib\Api::call : START API: http://api.maishop.localhost/suppliers/all
2017-11-29 07:10:28 Info:  App\Lib\Api::call : START API: http://api.maishop.localhost/products/addupdate{"id":"1","name":"sp","supplier_id":"","price":"50","qty":"","description":"asdas","avatar":{"tmp_name":"","error":4,"name":"","type":"","size":0}}
2017-11-29 07:10:30 Info:  App\Lib\Api::call : START API: http://api.maishop.localhost/products/detail{"id":"1"}
2017-11-29 07:10:32 Info: App\Lib\Api::call : START API: http://api.maishop.localhost/suppliers/all
2017-11-29 07:10:42 Info:  App\Lib\Api::call : START API: http://api.maishop.localhost/orders/list{"limit":10,"disable":0}
2017-11-29 07:10:48 Info:  App\Lib\Api::call : START API: http://api.maishop.localhost/suppliers/all{"type":"2"}
2017-11-29 07:10:50 Info:  App\Lib\Api::call : START API: http://api.maishop.localhost/products/all{"type":"2"}
2017-11-29 07:10:57 Info:  App\Lib\Api::call : START API: http://api.maishop.localhost/orders/list{"limit":10,"disable":0}
2017-11-29 07:11:03 Info:  App\Lib\Api::call : START API: http://api.maishop.localhost/orders/detail{"id":"13"}
2017-11-29 07:11:11 Info:  App\Lib\Api::call : START API: http://api.maishop.localhost/orders/detail{"id":"13"}
2017-11-29 07:11:12 Info: App\Lib\Api::call : START API: http://api.maishop.localhost/customers/all
2017-11-29 07:11:14 Info: App\Lib\Api::call : START API: http://api.maishop.localhost/products/all
2017-11-29 07:11:51 Info:  App\Lib\Api::call : START API: http://api.maishop.localhost/orders/addupdate{"product_data":"[{\"id\":\"1\",\"price\":\"50\",\"qty\":\"1\"}]","customer_id":"5","sub_name":"\u00e1da","sub_tel":"2132","sub_address":"ads","payment_method":"","ext_cost":"0","ship_cost":"0","total":"50","pay_total":"50","pay_debt":"0","note":"","id":"13"}
2017-11-29 07:11:53 Info:  App\Lib\Api::call : START API: http://api.maishop.localhost/orders/detail{"id":"13"}
2017-11-29 07:25:46 Info:  App\Lib\Api::call : START API: http://api.maishop.localhost/orders/detail{"id":"13"}
2017-11-29 07:25:47 Info: App\Lib\Api::call : START API: http://api.maishop.localhost/customers/all
2017-11-29 07:25:48 Info: App\Lib\Api::call : START API: http://api.maishop.localhost/products/all
2017-11-29 07:25:54 Info:  App\Lib\Api::call : START API: http://api.maishop.localhost/orders/addupdate{"product_data":"[{\"id\":\"1\",\"price\":\"50\",\"qty\":\"1\"}]","customer_id":"5","sub_name":"\u00e1da","sub_tel":"2132","sub_address":"ads","payment_method":"","ext_cost":"0","ship_cost":"0","total":"50","pay_total":"50","pay_debt":"0","note":"","id":"13","type":"1"}
2017-11-29 07:25:56 Info:  App\Lib\Api::call : START API: http://api.maishop.localhost/orders/detail{"id":"13"}
2017-11-29 09:44:38 Info:  App\Lib\Api::call : START API: http://api.maishop.localhost/orders/detail{"id":"13"}
2017-11-29 09:44:39 Info: App\Lib\Api::call : START API: http://api.maishop.localhost/customers/all
2017-11-29 09:44:41 Info: App\Lib\Api::call : START API: http://api.maishop.localhost/products/all
2017-11-29 09:44:58 Info:  App\Lib\Api::call : START API: http://api.maishop.localhost/products/list{"limit":10,"disable":0}
2017-11-29 09:45:14 Info:  App\Lib\Api::call : START API: http://api.maishop.localhost/customers/list{"limit":10,"disable":0}
2017-11-29 09:45:23 Info:  App\Lib\Api::call : START API: http://api.maishop.localhost/orders/list{"limit":10,"disable":0}
